<?xml version="1.0" encoding="UTF-8"?>
<testng-results total="1" passed="1" failed="0" skipped="0">
  <reporter-output>
  </reporter-output>
  <suite started-at="2022-10-20T06:45:03Z" name="Default suite" finished-at="2022-10-20T06:45:40Z" duration-ms="36535">
    <groups>
    </groups>
    <test started-at="2022-10-20T06:45:03Z" name="Default test" finished-at="2022-10-20T06:45:40Z" duration-ms="36535">
      <class name="Orange_HRM.HRM_Study">
        <test-method is-config="true" signature="BT()[pri:0, instance:Orange_HRM.HRM_Study@710c2b53]" started-at="2022-10-20T12:15:03Z" name="BT" finished-at="2022-10-20T12:15:13Z" duration-ms="9972" status="PASS">
          <reporter-output>
          </reporter-output>
        </test-method> <!-- BT -->
        <test-method signature="hrmcase()[pri:0, instance:Orange_HRM.HRM_Study@710c2b53]" started-at="2022-10-20T12:15:13Z" name="hrmcase" finished-at="2022-10-20T12:15:40Z" duration-ms="26521" status="PASS">
          <reporter-output>
          </reporter-output>
        </test-method> <!-- hrmcase -->
      </class> <!-- Orange_HRM.HRM_Study -->
    </test> <!-- Default test -->
  </suite> <!-- Default suite -->
</testng-results>
